<?xml version="1.0" encoding="UTF-8"?>
<!-- Generated by org.testng.reporters.JUnitXMLReporter -->
<testsuite hostname="SHWETA" ignored="0" name="Test" tests="8" failures="1" timestamp="2020-01-17T08:59:45 EST" time="0.128" errors="0">
  <testcase name="test1" time="0.0" classname="selenium.Testing1">
    <skipped/>
  </testcase> <!-- test1 -->
  <testcase name="test2" time="0.0" classname="selenium.Testing1"/>
  <testcase name="test3" time="0.0" classname="selenium.Testing1"/>
  <testcase name="test4" time="0.0" classname="selenium.Testing2"/>
  <testcase name="test5" time="0.0" classname="selenium.Testing2"/>
  <testcase name="homeTest" time="0.016" classname="selenium.Testing3"/>
  <testcase name="mainTest" time="0.0" classname="selenium.Testing3">
    <failure type="java.lang.AssertionError" message="The following asserts failed:
	Verifying Element did not expect to find [true] but found [false]">
      <![CDATA[java.lang.AssertionError: The following asserts failed:
Verifying Element did not expect to find [true] but found [false]
at selenium.Testing3.mainTest(Testing3.java:29)
at java.util.ArrayList.forEach(Unknown Source)
... Removed 29 stack frames]]>
    </failure>
  </testcase> <!-- mainTest -->
  <testcase name="endTest" time="0.0" classname="selenium.Testing3">
    <skipped/>
  </testcase> <!-- endTest -->
</testsuite> <!-- Test -->
